<?xml version="1.0" encoding="UTF-8"?>
<!-- Generated by org.testng.reporters.JUnitReportReporter -->
<testsuite name="TestNGPackage.NewTest" tests="1" time="0.027" ignored="0" failures="0" timestamp="10 Mar 2017 10:27:45 GMT" skipped="0" hostname="Anoop-HP" errors="0">
  <testcase name="f" time="0.027" classname="TestNGPackage.NewTest"/>
</testsuite> <!-- TestNGPackage.NewTest -->
