<?xml version="1.0" encoding="UTF-8"?>
<!-- Generated by org.testng.reporters.JUnitReportReporter -->
<testsuite name="TestNGPackage.IFrame" tests="1" time="0.383" ignored="0" failures="0" timestamp="14 Mar 2017 11:54:30 GMT" skipped="0" hostname="Anoop-HP" errors="0">
  <testcase name="scrollScreen" time="0.383" classname="TestNGPackage.IFrame"/>
</testsuite> <!-- TestNGPackage.IFrame -->
