<?xml version="1.0" encoding="UTF-8"?>
<!-- Generated by org.testng.reporters.JUnitReportReporter -->
<testsuite name="TestNGPackage.UsingIReportListener" tests="1" time="14.665" ignored="1" failures="0" timestamp="01 Mar 2017 14:12:45 GMT" skipped="0" hostname="L-56Z6152" errors="0">
  <testcase name="testReporterOne" time="14.665" classname="TestNGPackage.UsingIReportListener"/>
  <testcase name="testReporterTwo" classname="TestNGPackage.UsingIReportListener">
    <skipped/>
  </testcase> <!-- testReporterTwo -->
</testsuite> <!-- TestNGPackage.UsingIReportListener -->
