<?xml version="1.0" encoding="UTF-8"?>
<!-- Generated by org.testng.reporters.JUnitReportReporter -->
<testsuite name="TestNGPackage.DateTimePicker" tests="1" time="9.609" ignored="0" failures="0" timestamp="02 Mar 2017 08:35:55 GMT" skipped="0" hostname="L-56Z6152" errors="0">
  <testcase name="dateTimePicker" time="9.609" classname="TestNGPackage.DateTimePicker"/>
</testsuite> <!-- TestNGPackage.DateTimePicker -->
