<?xml version="1.0" encoding="UTF-8"?>
<!-- Generated by org.testng.reporters.JUnitReportReporter -->
<testsuite name="TestNGPackage.TakeScreenShot" tests="1" time="61.368" ignored="0" failures="0" timestamp="01 Mar 2017 14:37:24 GMT" skipped="0" hostname="L-56Z6152" errors="0">
  <testcase name="testTakeScreenShot" time="61.368" classname="TestNGPackage.TakeScreenShot"/>
</testsuite> <!-- TestNGPackage.TakeScreenShot -->
