<?xml version="1.0" encoding="UTF-8"?>
<!-- Generated by org.testng.reporters.JUnitReportReporter -->
<testsuite name="TestNGPackage.ParameterizationByMethodInDataProvider" tests="3" time="9.692" ignored="0" failures="0" timestamp="01 Mar 2017 07:45:44 GMT" skipped="0" hostname="L-56Z6152" errors="0">
  <testcase name="testMethodB" time="3.163" classname="TestNGPackage.ParameterizationByMethodInDataProvider"/>
  <testcase name="testMethodB" time="3.181" classname="TestNGPackage.ParameterizationByMethodInDataProvider"/>
  <testcase name="testMethodB" time="3.348" classname="TestNGPackage.ParameterizationByMethodInDataProvider"/>
</testsuite> <!-- TestNGPackage.ParameterizationByMethodInDataProvider -->
