<?xml version="1.0" encoding="UTF-8"?>
<!-- Generated by org.testng.reporters.JUnitReportReporter -->
<testsuite name="TestNGPackage.ParallelExecution" tests="3" time="56.659" ignored="0" failures="0" timestamp="05 Mar 2017 06:15:54 GMT" skipped="0" hostname="L-56Z6152" errors="0">
  <testcase name="executSessionThree" time="18.954" classname="TestNGPackage.ParallelExecution"/>
  <testcase name="executeSessionTwo" time="18.906" classname="TestNGPackage.ParallelExecution"/>
  <testcase name="executSessionOne" time="18.799" classname="TestNGPackage.ParallelExecution"/>
</testsuite> <!-- TestNGPackage.ParallelExecution -->
