<?xml version="1.0" encoding="UTF-8"?>
<!-- Generated by org.testng.reporters.JUnitReportReporter -->
<testsuite name="TestNGPackage.ParameterByITestContextInDataprovider" tests="1" time="32.370" ignored="1" failures="0" timestamp="01 Mar 2017 08:18:18 GMT" skipped="0" hostname="L-56Z6152" errors="0">
  <testcase name="testMethodA" time="32.370" classname="TestNGPackage.ParameterByITestContextInDataprovider"/>
  <testcase name="testMethodB" classname="TestNGPackage.ParameterByITestContextInDataprovider">
    <skipped/>
  </testcase> <!-- testMethodB -->
</testsuite> <!-- TestNGPackage.ParameterByITestContextInDataprovider -->
