<?xml version="1.0" encoding="UTF-8"?>
<!-- Generated by org.testng.reporters.JUnitReportReporter -->
<testsuite name="TestNGPackage.ParameterizationUsingDataprovider" tests="3" time="9.528" ignored="0" failures="0" timestamp="01 Mar 2017 07:19:03 GMT" skipped="0" hostname="L-56Z6152" errors="0">
  <testcase name="testMethod" time="3.145" classname="TestNGPackage.ParameterizationUsingDataprovider"/>
  <testcase name="testMethod" time="3.150" classname="TestNGPackage.ParameterizationUsingDataprovider"/>
  <testcase name="testMethod" time="3.233" classname="TestNGPackage.ParameterizationUsingDataprovider"/>
</testsuite> <!-- TestNGPackage.ParameterizationUsingDataprovider -->
