<?xml version="1.0" encoding="UTF-8"?>
<!-- Generated by org.testng.reporters.JUnitReportReporter -->
<testsuite name="TestNGPackage.CrossBrowserScript" tests="2" time="11.158" ignored="0" failures="0" timestamp="01 Mar 2017 08:51:16 GMT" skipped="0" hostname="L-56Z6152" errors="0">
  <testcase name="testParameterWithXML" time="6.713" classname="TestNGPackage.CrossBrowserScript"/>
  <testcase name="testParameterWithXML" time="4.445" classname="TestNGPackage.CrossBrowserScript"/>
</testsuite> <!-- TestNGPackage.CrossBrowserScript -->
