<?xml version="1.0" encoding="UTF-8"?>
<!-- Generated by org.testng.reporters.JUnitReportReporter -->
<testsuite name="TestNGPackage.IFrame" tests="1" time="32.846" ignored="0" failures="0" timestamp="05 Mar 2017 11:37:17 GMT" skipped="0" hostname="L-56Z6152" errors="0">
  <testcase name="getIFrameCount" time="32.846" classname="TestNGPackage.IFrame"/>
</testsuite> <!-- TestNGPackage.IFrame -->
