<?xml version="1.0" encoding="UTF-8"?>
<!-- Generated by org.testng.reporters.JUnitReportReporter -->
<testsuite name="TestNGPackage.SeleniumGridDemo" tests="1" time="3.795" ignored="0" failures="0" timestamp="05 Mar 2017 05:14:32 GMT" skipped="0" hostname="L-56Z6152" errors="0">
  <testcase name="simpleTest" time="3.795" classname="TestNGPackage.SeleniumGridDemo"/>
</testsuite> <!-- TestNGPackage.SeleniumGridDemo -->
